<?xml version="1.0" encoding="UTF-8"?>
<testng-results skipped="0" failed="0" ignored="0" total="1" passed="1">
  <reporter-output>
  </reporter-output>
  <suite name="Default suite" duration-ms="21184" started-at="2018-08-29T14:16:42Z" finished-at="2018-08-29T14:17:04Z">
    <groups>
    </groups>
    <test name="Default test" duration-ms="21184" started-at="2018-08-29T14:16:42Z" finished-at="2018-08-29T14:17:04Z">
      <class name="restAssuredTest.TestWithRestAssured">
        <test-method status="PASS" signature="setup()[pri:0, instance:restAssuredTest.TestWithRestAssured@6d4b1c02]" name="setup" is-config="true" duration-ms="20405" started-at="2018-08-29T14:16:42Z" finished-at="2018-08-29T14:17:03Z">
          <reporter-output>
          </reporter-output>
        </test-method> <!-- setup -->
        <test-method status="PASS" signature="likeButtonVisibilityTest()[pri:0, instance:restAssuredTest.TestWithRestAssured@6d4b1c02]" name="likeButtonVisibilityTest" duration-ms="743" started-at="2018-08-29T14:17:03Z" finished-at="2018-08-29T14:17:04Z">
          <reporter-output>
          </reporter-output>
        </test-method> <!-- likeButtonVisibilityTest -->
      </class> <!-- restAssuredTest.TestWithRestAssured -->
    </test> <!-- Default test -->
  </suite> <!-- Default suite -->
</testng-results>
